<?xml version="1.0" encoding="UTF-8"?>
<Site BuildName="(empty)"
	BuildStamp="20240808-0358-Experimental"
	Name="bot"
	Generator="ctest-3.22.1"
	CompilerName="/usr/bin/c++"
	CompilerVersion="11.4.0"
	OSName="Linux"
	Hostname="Desktop"
	OSRelease="6.5.0-44-generic"
	OSVersion="#44~22.04.1-Ubuntu SMP PREEMPT_DYNAMIC Tue Jun 18 14:36:16 UTC 2"
	OSPlatform="x86_64"
	Is64Bits="1"
	VendorString="GenuineIntel"
	VendorID="Intel Corporation"
	FamilyID="6"
	ModelID="167"
	ProcessorCacheSize="16384"
	NumberOfLogicalCPU="16"
	NumberOfPhysicalCPU="8"
	TotalVirtualMemory="28713"
	TotalPhysicalMemory="64175"
	LogicalProcessorsPerPhysical="2"
	ProcessorClockFrequency="4403.2"
	>
	<Testing>
		<StartDateTime>Aug 09 00:00 +0630</StartDateTime>
		<StartTestTime>1723138234</StartTestTime>
		<TestList/>
		<EndDateTime>Aug 09 00:00 +0630</EndDateTime>
		<EndTestTime>1723138234</EndTestTime>
		<ElapsedMinutes>0</ElapsedMinutes>
	</Testing>
</Site>
