<?xml version="1.0" encoding="UTF-8"?>
<Site BuildName="(empty)"
	BuildStamp="20240815-0250-Experimental"
	Name="(empty)"
	Generator="ctest-3.25.1"
	CompilerName=""
	CompilerVersion=""
	OSName="Linux"
	Hostname="msi"
	OSRelease="6.5.0-45-generic"
	OSVersion="#45~22.04.1-Ubuntu SMP PREEMPT_DYNAMIC Mon Jul 15 16:40:02 UTC 2"
	OSPlatform="x86_64"
	Is64Bits="1"
	VendorString="GenuineIntel"
	VendorID="Intel Corporation"
	FamilyID="6"
	ModelID="142"
	ProcessorCacheSize="8192"
	NumberOfLogicalCPU="8"
	NumberOfPhysicalCPU="4"
	TotalVirtualMemory="953"
	TotalPhysicalMemory="15884"
	LogicalProcessorsPerPhysical="2"
	ProcessorClockFrequency="2646.78"
	>
	<Testing>
		<StartDateTime>Aug 15 13:44 +0630</StartDateTime>
		<StartTestTime>1723706042</StartTestTime>
		<TestList/>
		<EndDateTime>Aug 15 13:44 +0630</EndDateTime>
		<EndTestTime>1723706042</EndTestTime>
		<ElapsedMinutes>0</ElapsedMinutes>
	</Testing>
</Site>
